0 info it worked if it ends with ok
1 verbose cli [ 'C:\\Program Files\\nodejs\\\\node.exe',
1 verbose cli   'C:\\Program Files\\nodejs\\node_modules\\npm\\bin\\npm-cli.js',
1 verbose cli   'install',
1 verbose cli   'socketio' ]
2 info using npm@1.4.28
3 info using node@v0.10.33
4 verbose node symlink C:\Program Files\nodejs\\node.exe
5 warn package.json bin.omneedia.framework@0.6.1 No repository field.
6 warn package.json bin.omneedia.framework@0.6.1 No README data
7 warn package.json sqwish@0.2.2 No repository field.
8 warn package.json xcas@0.1.0 No repository field.
9 verbose readDependencies using package.json deps
10 verbose cache add [ 'socketio', null ]
11 verbose cache add name=undefined spec="socketio" args=["socketio",null]
12 verbose parsed url { protocol: null,
12 verbose parsed url   slashes: null,
12 verbose parsed url   auth: null,
12 verbose parsed url   host: null,
12 verbose parsed url   port: null,
12 verbose parsed url   hostname: null,
12 verbose parsed url   hash: null,
12 verbose parsed url   search: null,
12 verbose parsed url   query: null,
12 verbose parsed url   pathname: 'socketio',
12 verbose parsed url   path: 'socketio',
12 verbose parsed url   href: 'socketio' }
13 silly lockFile be461470-socketio socketio
14 verbose lock socketio C:\omneedia\bin\.appdata\npm-cache\be461470-socketio.lock
15 silly lockFile be461470-socketio socketio
16 silly lockFile be461470-socketio socketio
17 verbose addNamed [ 'socketio', '' ]
18 verbose addNamed [ null, '*' ]
19 silly lockFile fa004f70-socketio socketio@
20 verbose lock socketio@ C:\omneedia\bin\.appdata\npm-cache\fa004f70-socketio.lock
21 silly addNameRange { name: 'socketio', range: '*', hasData: false }
22 verbose request where is /socketio
23 verbose request registry http://registry.npmjs.org/
24 verbose request id 7a6b2e3f5a2cec01
25 verbose url raw /socketio
26 verbose url resolving [ 'http://registry.npmjs.org/', './socketio' ]
27 verbose url resolved http://registry.npmjs.org/socketio
28 verbose request where is http://registry.npmjs.org/socketio
29 info trying registry request attempt 1 at 13:56:37
30 http GET http://registry.npmjs.org/socketio
31 http 404 http://registry.npmjs.org/socketio
32 silly registry.get cb [ 404,
32 silly registry.get   { age: '0',
32 silly registry.get     date: 'Mon, 15 Jun 2015 11:56:37 GMT',
32 silly registry.get     etag: '"5RGC7F7X0Z6GAGOGHVGFIPIJR"',
32 silly registry.get     vary: 'Accept',
32 silly registry.get     server: 'CouchDB/1.5.0 (Erlang OTP/R16B03)',
32 silly registry.get     'x-cache': 'MISS, MISS from 172.24.24.21, MISS from unconfigured',
32 silly registry.get     'x-timer': 'S1434369397.289411,VS0,VE102',
32 silly registry.get     'x-served-by': 'cache-ams4145-AMS',
32 silly registry.get     'content-type': 'application/json',
32 silly registry.get     'x-cache-hits': '0',
32 silly registry.get     'accept-ranges': 'bytes',
32 silly registry.get     'cache-control': 'max-age=0',
32 silly registry.get     'content-length': '436',
32 silly registry.get     'set-cookie': [ 'WWSmeddat=353900716.36895.0000; path=/' ],
32 silly registry.get     via: '1.1 varnish, 1.0 172.24.24.21 (McAfee Web Gateway 7.3.2.3.0.16052), 1.0 unconfigured:3128 (squid/2.6.STABLE13)',
32 silly registry.get     'proxy-connection': 'close' } ]
33 silly lockFile fa004f70-socketio socketio@
34 silly lockFile fa004f70-socketio socketio@
35 error 404 Not Found
35 error 404
35 error 404 'socketio' is not in the npm registry.
35 error 404 You should bug the author to publish it
35 error 404 It was specified as a dependency of 'bin.omneedia.framework'
35 error 404
35 error 404 Note that you can also install from a
35 error 404 tarball, folder, or http url, or git url.
36 error System Windows_NT 6.2.9200
37 error command "C:\\Program Files\\nodejs\\\\node.exe" "C:\\Program Files\\nodejs\\node_modules\\npm\\bin\\npm-cli.js" "install" "socketio"
38 error cwd C:\omneedia\bin
39 error node -v v0.10.33
40 error npm -v 1.4.28
41 error code E404
42 verbose exit [ 1, true ]
