0 info it worked if it ends with ok
1 verbose cli [ 'C:\\Program Files\\nodejs\\\\node.exe',
1 verbose cli   'C:\\Program Files\\nodejs\\node_modules\\npm\\bin\\npm-cli.js',
1 verbose cli   'install',
1 verbose cli   'gui-tools' ]
2 info using npm@1.4.28
3 info using node@v0.10.33
4 verbose node symlink C:\Program Files\nodejs\\node.exe
5 verbose cache add [ 'gui-tools', null ]
6 verbose cache add name=undefined spec="gui-tools" args=["gui-tools",null]
7 verbose parsed url { protocol: null,
7 verbose parsed url   slashes: null,
7 verbose parsed url   auth: null,
7 verbose parsed url   host: null,
7 verbose parsed url   port: null,
7 verbose parsed url   hostname: null,
7 verbose parsed url   hash: null,
7 verbose parsed url   search: null,
7 verbose parsed url   query: null,
7 verbose parsed url   pathname: 'gui-tools',
7 verbose parsed url   path: 'gui-tools',
7 verbose parsed url   href: 'gui-tools' }
8 silly lockFile c9c41f35-gui-tools gui-tools
9 verbose lock gui-tools C:\omneedia\bin\.appdata\npm-cache\c9c41f35-gui-tools.lock
10 silly lockFile c9c41f35-gui-tools gui-tools
11 silly lockFile c9c41f35-gui-tools gui-tools
12 verbose addNamed [ 'gui-tools', '' ]
13 verbose addNamed [ null, '*' ]
14 silly lockFile 0208f022-gui-tools gui-tools@
15 verbose lock gui-tools@ C:\omneedia\bin\.appdata\npm-cache\0208f022-gui-tools.lock
16 silly addNameRange { name: 'gui-tools', range: '*', hasData: false }
17 verbose request where is /gui-tools
18 verbose request registry http://registry.npmjs.org/
19 verbose request id ae05a6fe9fc55c12
20 verbose url raw /gui-tools
21 verbose url resolving [ 'http://registry.npmjs.org/', './gui-tools' ]
22 verbose url resolved http://registry.npmjs.org/gui-tools
23 verbose request where is http://registry.npmjs.org/gui-tools
24 info trying registry request attempt 1 at 10:29:39
25 http GET http://registry.npmjs.org/gui-tools
26 http 404 http://registry.npmjs.org/gui-tools
27 verbose headers { server: 'CouchDB/1.5.0 (Erlang OTP/R16B03)',
27 verbose headers   'content-type': 'application/json',
27 verbose headers   'cache-control': 'max-age=0',
27 verbose headers   'content-length': '51',
27 verbose headers   'accept-ranges': 'bytes',
27 verbose headers   date: 'Sun, 24 May 2015 08:29:41 GMT',
27 verbose headers   via: '1.1 varnish',
27 verbose headers   age: '0',
27 verbose headers   connection: 'keep-alive',
27 verbose headers   'x-served-by': 'cache-fra1239-FRA',
27 verbose headers   'x-cache': 'MISS',
27 verbose headers   'x-cache-hits': '0',
27 verbose headers   'x-timer': 'S1432456180.806352,VS0,VE430' }
28 silly registry.get cb [ 404,
28 silly registry.get   { server: 'CouchDB/1.5.0 (Erlang OTP/R16B03)',
28 silly registry.get     'content-type': 'application/json',
28 silly registry.get     'cache-control': 'max-age=0',
28 silly registry.get     'content-length': '51',
28 silly registry.get     'accept-ranges': 'bytes',
28 silly registry.get     date: 'Sun, 24 May 2015 08:29:41 GMT',
28 silly registry.get     via: '1.1 varnish',
28 silly registry.get     age: '0',
28 silly registry.get     connection: 'keep-alive',
28 silly registry.get     'x-served-by': 'cache-fra1239-FRA',
28 silly registry.get     'x-cache': 'MISS',
28 silly registry.get     'x-cache-hits': '0',
28 silly registry.get     'x-timer': 'S1432456180.806352,VS0,VE430' } ]
29 silly lockFile 0208f022-gui-tools gui-tools@
30 silly lockFile 0208f022-gui-tools gui-tools@
31 error 404 404 Not Found: gui-tools
31 error 404
31 error 404 'gui-tools' is not in the npm registry.
31 error 404 You should bug the author to publish it
31 error 404
31 error 404 Note that you can also install from a
31 error 404 tarball, folder, or http url, or git url.
32 error System Windows_NT 6.2.9200
33 error command "C:\\Program Files\\nodejs\\\\node.exe" "C:\\Program Files\\nodejs\\node_modules\\npm\\bin\\npm-cli.js" "install" "gui-tools"
34 error cwd C:\omneedia
35 error node -v v0.10.33
36 error npm -v 1.4.28
37 error code E404
38 verbose exit [ 1, true ]
